2022-05-02 14:47:13,509 INFO    MainThread:2124 [internal.py:wandb_internal():92] W&B internal server running at pid: 2124, started at: 2022-05-02 14:47:13.508109
2022-05-02 14:47:13,511 INFO    WriterThread:2124 [datastore.py:open_for_write():77] open: c:\Users\gijst\Documents\Uni\scriptie\Transfer Learning\wandb\run-20220502_144711-2113bp2f\run-2113bp2f.wandb
2022-05-02 14:47:13,513 DEBUG   SenderThread:2124 [sender.py:send():235] send: header
2022-05-02 14:47:13,513 DEBUG   SenderThread:2124 [sender.py:send():235] send: run
2022-05-02 14:47:13,766 DEBUG   HandlerThread:2124 [handler.py:handle_request():141] handle_request: check_version
2022-05-02 14:47:13,766 INFO    SenderThread:2124 [dir_watcher.py:__init__():169] watching files in: c:\Users\gijst\Documents\Uni\scriptie\Transfer Learning\wandb\run-20220502_144711-2113bp2f\files
2022-05-02 14:47:13,768 INFO    SenderThread:2124 [sender.py:_start_run_threads():812] run started: 2113bp2f with start time 1651495631
2022-05-02 14:47:13,768 DEBUG   SenderThread:2124 [sender.py:send():235] send: summary
2022-05-02 14:47:13,768 INFO    SenderThread:2124 [sender.py:_save_file():947] saving file wandb-summary.json with policy end
2022-05-02 14:47:13,769 DEBUG   SenderThread:2124 [sender.py:send_request():249] send_request: check_version
2022-05-02 14:47:13,890 DEBUG   HandlerThread:2124 [handler.py:handle_request():141] handle_request: run_start
2022-05-02 14:47:14,782 INFO    Thread-11 :2124 [dir_watcher.py:_on_file_created():217] file/dir created: c:\Users\gijst\Documents\Uni\scriptie\Transfer Learning\wandb\run-20220502_144711-2113bp2f\files\wandb-summary.json
2022-05-02 14:47:16,076 DEBUG   HandlerThread:2124 [meta.py:__init__():37] meta init
2022-05-02 14:47:16,076 DEBUG   HandlerThread:2124 [meta.py:__init__():51] meta init done
2022-05-02 14:47:16,076 DEBUG   HandlerThread:2124 [meta.py:probe():211] probe
2022-05-02 14:47:16,129 DEBUG   HandlerThread:2124 [meta.py:_setup_git():201] setup git
2022-05-02 14:47:16,192 DEBUG   HandlerThread:2124 [meta.py:_setup_git():208] setup git done
2022-05-02 14:47:16,192 DEBUG   HandlerThread:2124 [meta.py:_save_pip():55] save pip
2022-05-02 14:47:16,193 DEBUG   HandlerThread:2124 [meta.py:_save_pip():69] save pip done
2022-05-02 14:47:16,193 DEBUG   HandlerThread:2124 [meta.py:_save_conda():76] save conda
2022-05-02 14:47:16,798 INFO    Thread-11 :2124 [dir_watcher.py:_on_file_created():217] file/dir created: c:\Users\gijst\Documents\Uni\scriptie\Transfer Learning\wandb\run-20220502_144711-2113bp2f\files\conda-environment.yaml
2022-05-02 14:47:16,799 INFO    Thread-11 :2124 [dir_watcher.py:_on_file_created():217] file/dir created: c:\Users\gijst\Documents\Uni\scriptie\Transfer Learning\wandb\run-20220502_144711-2113bp2f\files\requirements.txt
2022-05-02 14:47:19,815 INFO    Thread-11 :2124 [dir_watcher.py:_on_file_created():217] file/dir created: c:\Users\gijst\Documents\Uni\scriptie\Transfer Learning\wandb\run-20220502_144711-2113bp2f\files\output.log
2022-05-02 14:47:35,940 INFO    Thread-11 :2124 [dir_watcher.py:_on_file_modified():230] file/dir modified: c:\Users\gijst\Documents\Uni\scriptie\Transfer Learning\wandb\run-20220502_144711-2113bp2f\files\conda-environment.yaml
2022-05-02 14:47:35,952 DEBUG   HandlerThread:2124 [meta.py:_save_conda():86] save conda done
2022-05-02 14:47:35,952 DEBUG   HandlerThread:2124 [meta.py:probe():249] probe done
2022-05-02 14:47:36,077 DEBUG   HandlerThread:2124 [handler.py:handle_request():141] handle_request: stop_status
2022-05-02 14:47:36,077 DEBUG   HandlerThread:2124 [handler.py:handle_request():141] handle_request: pause
2022-05-02 14:47:36,078 INFO    HandlerThread:2124 [handler.py:handle_request_pause():659] stopping system metrics thread
2022-05-02 14:47:36,078 DEBUG   SenderThread:2124 [sender.py:send_request():249] send_request: stop_status
2022-05-02 14:47:36,283 DEBUG   SenderThread:2124 [sender.py:send():235] send: telemetry
2022-05-02 14:47:36,283 DEBUG   SenderThread:2124 [sender.py:send():235] send: files
2022-05-02 14:47:36,283 INFO    SenderThread:2124 [sender.py:_save_file():947] saving file wandb-metadata.json with policy now
2022-05-02 14:47:36,284 DEBUG   SenderThread:2124 [sender.py:send():235] send: stats
2022-05-02 14:47:36,941 INFO    Thread-11 :2124 [dir_watcher.py:_on_file_created():217] file/dir created: c:\Users\gijst\Documents\Uni\scriptie\Transfer Learning\wandb\run-20220502_144711-2113bp2f\files\wandb-metadata.json
2022-05-02 14:47:38,923 DEBUG   HandlerThread:2124 [handler.py:handle_request():141] handle_request: stop_status
2022-05-02 14:47:38,923 DEBUG   SenderThread:2124 [sender.py:send_request():249] send_request: stop_status
2022-05-02 14:47:47,192 WARNING FileStreamThread:2124 [file_stream.py:request_with_retry():594] requests_with_retry encountered retryable exception: 500 Server Error: Internal Server Error for url: https://api.wandb.ai/files/gijstimmerij/baselines/2113bp2f/file_stream. func: <bound method Session.post of <requests.sessions.Session object at 0x000001D79E37D400>>, args: ('https://api.wandb.ai/files/gijstimmerij/baselines/2113bp2f/file_stream',), kwargs: {'json': {'files': {'wandb-events.jsonl': {'offset': 0, 'content': ['{"system.gpu.0.gpu": 0.0, "system.gpu.0.memory": 5.0, "system.gpu.0.memoryAllocated": 8.32, "system.gpu.0.temp": 51.2, "system.cpu": 15.96, "system.memory": 86.14, "system.disk": 72.3, "system.proc.memory.availableMB": 2236.19, "system.proc.memory.rssMB": 261.7, "system.proc.memory.percent": 1.62, "system.proc.cpu.threads": 23.1, "system.network.sent": 938570, "system.network.recv": 346175, "_wandb": true, "_timestamp": 1651495656, "_runtime": 25}']}}, 'dropped': 0}}
2022-05-02 14:47:57,517 ERROR   Thread-17 :2124 [retry.py:__call__():126] Retry attempt failed:
Traceback (most recent call last):
  File "C:\Users\gijst\anaconda3\lib\site-packages\urllib3\connectionpool.py", line 449, in _make_request
    six.raise_from(e, None)
  File "<string>", line 3, in raise_from
  File "C:\Users\gijst\anaconda3\lib\site-packages\urllib3\connectionpool.py", line 444, in _make_request
    httplib_response = conn.getresponse()
  File "C:\Users\gijst\anaconda3\lib\http\client.py", line 1348, in getresponse
    response.begin()
  File "C:\Users\gijst\anaconda3\lib\http\client.py", line 316, in begin
    version, status, reason = self._read_status()
  File "C:\Users\gijst\anaconda3\lib\http\client.py", line 277, in _read_status
    line = str(self.fp.readline(_MAXLINE + 1), "iso-8859-1")
  File "C:\Users\gijst\anaconda3\lib\socket.py", line 669, in readinto
    return self._sock.recv_into(b)
  File "C:\Users\gijst\anaconda3\lib\ssl.py", line 1241, in recv_into
    return self.read(nbytes, buffer)
  File "C:\Users\gijst\anaconda3\lib\ssl.py", line 1099, in read
    return self._sslobj.read(len, buffer)
socket.timeout: The read operation timed out

During handling of the above exception, another exception occurred:

Traceback (most recent call last):
  File "C:\Users\gijst\anaconda3\lib\site-packages\requests\adapters.py", line 440, in send
    resp = conn.urlopen(
  File "C:\Users\gijst\anaconda3\lib\site-packages\urllib3\connectionpool.py", line 785, in urlopen
    retries = retries.increment(
  File "C:\Users\gijst\anaconda3\lib\site-packages\urllib3\util\retry.py", line 550, in increment
    raise six.reraise(type(error), error, _stacktrace)
  File "C:\Users\gijst\anaconda3\lib\site-packages\urllib3\packages\six.py", line 770, in reraise
    raise value
  File "C:\Users\gijst\anaconda3\lib\site-packages\urllib3\connectionpool.py", line 703, in urlopen
    httplib_response = self._make_request(
  File "C:\Users\gijst\anaconda3\lib\site-packages\urllib3\connectionpool.py", line 451, in _make_request
    self._raise_timeout(err=e, url=url, timeout_value=read_timeout)
  File "C:\Users\gijst\anaconda3\lib\site-packages\urllib3\connectionpool.py", line 340, in _raise_timeout
    raise ReadTimeoutError(
urllib3.exceptions.ReadTimeoutError: HTTPSConnectionPool(host='api.wandb.ai', port=443): Read timed out. (read timeout=10)

During handling of the above exception, another exception occurred:

Traceback (most recent call last):
  File "C:\Users\gijst\anaconda3\lib\site-packages\wandb\sdk\lib\retry.py", line 102, in __call__
    result = self._call_fn(*args, **kwargs)
  File "C:\Users\gijst\anaconda3\lib\site-packages\wandb\sdk\internal\internal_api.py", line 140, in execute
    return self.client.execute(*args, **kwargs)
  File "C:\Users\gijst\anaconda3\lib\site-packages\wandb\vendor\gql-0.2.0\wandb_gql\client.py", line 52, in execute
    result = self._get_result(document, *args, **kwargs)
  File "C:\Users\gijst\anaconda3\lib\site-packages\wandb\vendor\gql-0.2.0\wandb_gql\client.py", line 60, in _get_result
    return self.transport.execute(document, *args, **kwargs)
  File "C:\Users\gijst\anaconda3\lib\site-packages\wandb\vendor\gql-0.2.0\wandb_gql\transport\requests.py", line 38, in execute
    request = requests.post(self.url, **post_args)
  File "C:\Users\gijst\anaconda3\lib\site-packages\requests\api.py", line 117, in post
    return request('post', url, data=data, json=json, **kwargs)
  File "C:\Users\gijst\anaconda3\lib\site-packages\requests\api.py", line 61, in request
    return session.request(method=method, url=url, **kwargs)
  File "C:\Users\gijst\anaconda3\lib\site-packages\requests\sessions.py", line 529, in request
    resp = self.send(prep, **send_kwargs)
  File "C:\Users\gijst\anaconda3\lib\site-packages\requests\sessions.py", line 645, in send
    r = adapter.send(request, **kwargs)
  File "C:\Users\gijst\anaconda3\lib\site-packages\requests\adapters.py", line 532, in send
    raise ReadTimeout(e, request=request)
requests.exceptions.ReadTimeout: HTTPSConnectionPool(host='api.wandb.ai', port=443): Read timed out. (read timeout=10)
2022-05-02 14:47:58,934 DEBUG   HandlerThread:2124 [handler.py:handle_request():141] handle_request: stop_status
2022-05-02 14:48:12,376 DEBUG   HandlerThread:2124 [handler.py:handle_request():141] handle_request: resume
2022-05-02 14:48:12,376 INFO    HandlerThread:2124 [handler.py:handle_request_resume():650] starting system metrics thread
2022-05-02 14:48:12,377 DEBUG   HandlerThread:2124 [handler.py:handle_request():141] handle_request: pause
2022-05-02 14:48:12,377 INFO    HandlerThread:2124 [handler.py:handle_request_pause():659] stopping system metrics thread
2022-05-02 14:48:16,682 DEBUG   HandlerThread:2124 [handler.py:handle_request():141] handle_request: resume
2022-05-02 14:48:16,683 INFO    HandlerThread:2124 [handler.py:handle_request_resume():650] starting system metrics thread
2022-05-02 14:48:18,957 DEBUG   HandlerThread:2124 [handler.py:handle_request():141] handle_request: stop_status
2022-05-02 14:48:24,146 DEBUG   HandlerThread:2124 [handler.py:handle_request():141] handle_request: pause
2022-05-02 14:48:24,146 INFO    HandlerThread:2124 [handler.py:handle_request_pause():659] stopping system metrics thread
2022-05-02 14:48:25,419 INFO    Thread-11 :2124 [dir_watcher.py:_on_file_modified():230] file/dir modified: c:\Users\gijst\Documents\Uni\scriptie\Transfer Learning\wandb\run-20220502_144711-2113bp2f\files\output.log
2022-05-02 14:48:40,800 INFO    Thread-17 :2124 [upload_job.py:push():137] Uploaded file C:\Users\gijst\AppData\Local\Temp\tmp5cyl4o0wwandb\46f04xdf-wandb-metadata.json
2022-05-02 14:48:43,213 WARNING MainThread:2124 [internal.py:is_dead():387] Internal process exiting, parent pid 24032 disappeared
2022-05-02 14:48:43,213 ERROR   MainThread:2124 [internal.py:wandb_internal():151] Internal process shutdown.
2022-05-02 14:48:43,361 INFO    WriterThread:2124 [datastore.py:close():281] close: c:\Users\gijst\Documents\Uni\scriptie\Transfer Learning\wandb\run-20220502_144711-2113bp2f\run-2113bp2f.wandb
2022-05-02 14:48:44,137 INFO    HandlerThread:2124 [handler.py:finish():778] shutting down handler
2022-05-02 14:48:44,441 WARNING FileStreamThread:2124 [file_stream.py:request_with_retry():594] requests_with_retry encountered retryable exception: 500 Server Error: Internal Server Error for url: https://api.wandb.ai/files/gijstimmerij/baselines/2113bp2f/file_stream. func: <bound method Session.post of <requests.sessions.Session object at 0x000001D79E37D400>>, args: ('https://api.wandb.ai/files/gijstimmerij/baselines/2113bp2f/file_stream',), kwargs: {'json': {'files': {'wandb-events.jsonl': {'offset': 0, 'content': ['{"system.gpu.0.gpu": 0.0, "system.gpu.0.memory": 5.0, "system.gpu.0.memoryAllocated": 8.32, "system.gpu.0.temp": 51.2, "system.cpu": 15.96, "system.memory": 86.14, "system.disk": 72.3, "system.proc.memory.availableMB": 2236.19, "system.proc.memory.rssMB": 261.7, "system.proc.memory.percent": 1.62, "system.proc.cpu.threads": 23.1, "system.network.sent": 938570, "system.network.recv": 346175, "_wandb": true, "_timestamp": 1651495656, "_runtime": 25}']}}, 'dropped': 0}}
2022-05-02 14:48:52,235 INFO    SenderThread:2124 [sender.py:finish():1078] shutting down sender
2022-05-02 14:48:52,235 INFO    SenderThread:2124 [dir_watcher.py:finish():283] shutting down directory watcher
2022-05-02 14:48:52,639 INFO    SenderThread:2124 [dir_watcher.py:_on_file_modified():230] file/dir modified: c:\Users\gijst\Documents\Uni\scriptie\Transfer Learning\wandb\run-20220502_144711-2113bp2f\files\config.yaml
2022-05-02 14:48:52,639 INFO    SenderThread:2124 [dir_watcher.py:finish():313] scan: c:\Users\gijst\Documents\Uni\scriptie\Transfer Learning\wandb\run-20220502_144711-2113bp2f\files
2022-05-02 14:48:52,639 INFO    SenderThread:2124 [dir_watcher.py:finish():327] scan save: c:\Users\gijst\Documents\Uni\scriptie\Transfer Learning\wandb\run-20220502_144711-2113bp2f\files\conda-environment.yaml conda-environment.yaml
2022-05-02 14:48:52,640 INFO    SenderThread:2124 [dir_watcher.py:finish():327] scan save: c:\Users\gijst\Documents\Uni\scriptie\Transfer Learning\wandb\run-20220502_144711-2113bp2f\files\config.yaml config.yaml
2022-05-02 14:48:52,640 INFO    SenderThread:2124 [dir_watcher.py:finish():327] scan save: c:\Users\gijst\Documents\Uni\scriptie\Transfer Learning\wandb\run-20220502_144711-2113bp2f\files\output.log output.log
2022-05-02 14:48:52,646 INFO    SenderThread:2124 [dir_watcher.py:finish():327] scan save: c:\Users\gijst\Documents\Uni\scriptie\Transfer Learning\wandb\run-20220502_144711-2113bp2f\files\requirements.txt requirements.txt
2022-05-02 14:48:52,647 INFO    SenderThread:2124 [dir_watcher.py:finish():327] scan save: c:\Users\gijst\Documents\Uni\scriptie\Transfer Learning\wandb\run-20220502_144711-2113bp2f\files\wandb-metadata.json wandb-metadata.json
2022-05-02 14:48:52,647 INFO    SenderThread:2124 [dir_watcher.py:finish():327] scan save: c:\Users\gijst\Documents\Uni\scriptie\Transfer Learning\wandb\run-20220502_144711-2113bp2f\files\wandb-summary.json wandb-summary.json
2022-05-02 14:48:52,650 INFO    SenderThread:2124 [file_pusher.py:finish():145] shutting down file pusher
2022-05-02 14:48:52,650 INFO    SenderThread:2124 [file_pusher.py:join():150] waiting for file pusher
2022-05-02 14:48:54,485 INFO    Thread-22 :2124 [upload_job.py:push():137] Uploaded file c:\Users\gijst\Documents\Uni\scriptie\Transfer Learning\wandb\run-20220502_144711-2113bp2f\files\output.log
2022-05-02 14:48:54,815 INFO    Thread-24 :2124 [upload_job.py:push():137] Uploaded file c:\Users\gijst\Documents\Uni\scriptie\Transfer Learning\wandb\run-20220502_144711-2113bp2f\files\wandb-summary.json
2022-05-02 14:48:55,592 INFO    Thread-23 :2124 [upload_job.py:push():137] Uploaded file c:\Users\gijst\Documents\Uni\scriptie\Transfer Learning\wandb\run-20220502_144711-2113bp2f\files\requirements.txt
2022-05-02 14:48:56,495 INFO    Thread-20 :2124 [upload_job.py:push():137] Uploaded file c:\Users\gijst\Documents\Uni\scriptie\Transfer Learning\wandb\run-20220502_144711-2113bp2f\files\conda-environment.yaml
2022-05-02 14:48:57,451 INFO    Thread-21 :2124 [upload_job.py:push():137] Uploaded file c:\Users\gijst\Documents\Uni\scriptie\Transfer Learning\wandb\run-20220502_144711-2113bp2f\files\config.yaml
2022-05-02 14:49:03,241 INFO    MainThread:2124 [internal.py:handle_exit():82] Internal process exited
